<?xml version="1.0" encoding="UTF-8" ?>
<testsuite tests="5" failures="0" name="com.project.playlist.TestPlaylist" time="0.075" errors="0" skipped="0">
  <properties>
[...]
</properties>
  <testcase classname="com.project.playlist.TestPlaylist" name="testInitialize" time="0.028"/>
  <testcase classname="com.project.playlist.TestPlaylist" name="testShuffle" time="0.01"/>
  <testcase classname="com.project.playlist.TestPlaylist" name="testGetPrevious" time="0.001"/>
  <testcase classname="com.project.playlist.TestPlaylist" name="testGetNext" time="0.005"/>
  <testcase classname="com.project.playlist.TestPlaylist" name="testMain" time="0.031"/>
</testsuite>